Vileplume Тучка из команды фиолетовых вступает в бой!
Glaceon Звёздочка из команды синих вступает в бой!
Glaceon Звёздочка использует аттакующий приём, который удваивает силу, если пользователь отравлен, обожжён или парализован.. 
Vileplume Тучка теряет 4 здоровья.

Vileplume Тучка использует аттакующий приём, который удваивает силу, если пользователь отравлен, обожжён или парализован.. 
Glaceon Звёздочка теряет 5 здоровья.

Glaceon Звёздочка использует аттакующий приём, который удваивает силу, если пользователь отравлен, обожжён или парализован.. 
Vileplume Тучка теряет 4 здоровья.

Vileplume Тучка спит в течение 2 ходов, чтобы полностью восстановить здоровье и устранить все проблемы со статусом. 
Vileplume Тучка засыпает

Glaceon Звёздочка выдыхает на цель холодное дыхание. Эта атака всегда приводит к критическому удару. 
Vileplume Тучка теряет 8 здоровья.


Glaceon Звёздочка виляет хвостом, чтобы ослабить защиту противника. 
Vileplume Тучка уменьшает защиту.

Vileplume Тучка использует аттакующий приём, который удваивает силу, если пользователь отравлен, обожжён или парализован.. 
Glaceon Звёздочка теряет 5 здоровья.

Glaceon Звёздочка выдыхает на цель холодное дыхание. Эта атака всегда приводит к критическому удару. 
Vileplume Тучка теряет 7 здоровья.
Vileplume Тучка теряет сознание.
Tropius Солнышко из команды фиолетовых вступает в бой!
Glaceon Звёздочка пробуждается, его показатели атаки и специальной атаки увеличиваются. 
Glaceon Звёздочка увеличивает специальную атаку.
Glaceon Звёздочка увеличивает атаку.

Tropius Солнышко топчет землю и атакует всё вокруг. 
Glaceon Звёздочка теряет 5 здоровья.
Glaceon Звёздочка теряет сознание.
Gloom Льдинка из команды синих вступает в бой!
Tropius Солнышко сбивает противника с толку своей скоростью, а затем наносит удар. 
Gloom Льдинка теряет 6 здоровья.

Gloom Льдинка распыляет разъедающую кожу кислоту. Может снизить специальную защиту.. 
Tropius Солнышко теряет 10 здоровья.

Tropius Солнышко режет врага листьями. У него высокий процент критических попаданий. 
Gloom Льдинка теряет 5 здоровья.

Gloom Льдинка использует аттакующий приём, который удваивает силу, если пользователь отравлен, обожжён или парализован.. 
Tropius Солнышко теряет 4 здоровья.
Tropius Солнышко теряет сознание.
Eevee Снежинка из команды фиолетовых вступает в бой!
Eevee Снежинка использует аттакующий приём, который удваивает силу, если пользователь отравлен, обожжён или парализован.. 
Gloom Льдинка теряет 9 здоровья.
Gloom Льдинка теряет сознание.
Oddish Цветочек из команды синих вступает в бой!
Eevee Снежинка виляет хвостом, чтобы ослабить защиту противника. 
Oddish Цветочек уменьшает защиту.

Oddish Цветочек использует аттакующий приём, который удваивает силу, если пользователь отравлен, обожжён или парализован.. 
Eevee Снежинка теряет 6 здоровья.

Eevee Снежинка пробуждается, его показатели атаки и специальной атаки увеличиваются. 
Eevee Снежинка увеличивает специальную атаку.
Eevee Снежинка увеличивает атаку.

Oddish Цветочек вызывает замешательство и резко усиливает атаку.. 
Eevee Снежинка увеличивает атаку.

Eevee Снежинка растерянно попадает по себе. 
Eevee Снежинка теряет 4 здоровья.

Oddish Цветочек вызывает замешательство и резко усиливает атаку.. 
Eevee Снежинка увеличивает атаку.

Eevee Снежинка виляет хвостом, чтобы ослабить защиту противника. 
Oddish Цветочек уменьшает защиту.

Oddish Цветочек вызывает замешательство и резко усиливает атаку.. 
Eevee Снежинка увеличивает атаку.

Eevee Снежинка растерянно попадает по себе.
Eevee Снежинка теряет 2 здоровья.

Oddish Цветочек вызывает замешательство и резко усиливает атаку..
Eevee Снежинка увеличивает атаку.

Eevee Снежинка использует аттакующий приём, который удваивает силу, если пользователь отравлен, обожжён или парализован..
Oddish Цветочек теряет 3 здоровья.

Oddish Цветочек использует аттакующий приём, который удваивает силу, если пользователь отравлен, обожжён или парализован..
Eevee Снежинка теряет 4 здоровья.
Eevee Снежинка теряет сознание.
В команде фиолетовых не осталось покемонов.
Команда синих побеждает в этом бою!